<?xml version="1.0" encoding="UTF-8"?>
<testExecutions version="1">
  <file path="C:\Project\web-consultor-jest\src\app\app.component.spec.ts">
    <testCase name="AppComponent should create the app" duration="80"/>
    <testCase name="AppComponent should have as title &apos;web-jest&apos;" duration="37"/>
    <testCase name="AppComponent should render title in a h1 tag" duration="40"/>
  </file>
</testExecutions>